{"level":"error","message":"Cannot read properties of undefined (reading 'length')","service":"config-helper"}
{"level":"info","message":"work-phone-id-123","service":"config-helper"}
{"level":"info","message":"mobile-phone-id-123","service":"config-helper"}
{"level":"info","message":"primary-email-id-123","service":"config-helper"}
{"level":"info","message":"secondary-email-id-123","service":"config-helper"}
{"level":"info","message":"notes-id-123","service":"config-helper"}
{"level":"info","message":"Create new database upon sync = true","service":"config-helper"}
{"level":"info","message":"1234","service":"config-helper"}
{"level":"info","message":"5678","service":"config-helper"}
{"level":"info","message":"91011","service":"config-helper"}
{"level":"info","message":"121314","service":"config-helper"}
{"level":"info","message":"151617","service":"config-helper"}
{"level":"info","message":"Create new database upon sync = false","service":"config-helper"}
{"level":"info","message":"1234","service":"config-helper"}
{"level":"info","message":"5678","service":"config-helper"}
{"level":"info","message":"91011","service":"config-helper"}
{"level":"info","message":"121314","service":"config-helper"}
{"level":"info","message":"151617","service":"config-helper"}
{"level":"info","message":"Create new database upon sync = false","service":"config-helper"}
{"level":"error","message":"Cannot read properties of undefined (reading 'length')","service":"config-helper"}
{"level":"info","message":"work-phone-id-123","service":"config-helper"}
{"level":"info","message":"mobile-phone-id-123","service":"config-helper"}
{"level":"info","message":"primary-email-id-123","service":"config-helper"}
{"level":"info","message":"secondary-email-id-123","service":"config-helper"}
{"level":"info","message":"notes-id-123","service":"config-helper"}
{"level":"info","message":"Create new database upon sync = true","service":"config-helper"}
{"level":"info","message":"1234","service":"config-helper"}
{"level":"info","message":"5678","service":"config-helper"}
{"level":"info","message":"91011","service":"config-helper"}
{"level":"info","message":"121314","service":"config-helper"}
{"level":"info","message":"151617","service":"config-helper"}
{"level":"info","message":"Create new database upon sync = false","service":"config-helper"}
{"level":"info","message":"1234","service":"config-helper"}
{"level":"info","message":"5678","service":"config-helper"}
{"level":"info","message":"91011","service":"config-helper"}
{"level":"info","message":"121314","service":"config-helper"}
{"level":"info","message":"151617","service":"config-helper"}
{"level":"info","message":"Create new database upon sync = false","service":"config-helper"}
{"level":"error","message":"Cannot read properties of undefined (reading 'length')","service":"config-helper"}
